#
# A fatal error has been detected by the Java Runtime Environment:
#
#  EXCEPTION_ACCESS_VIOLATION (0xc0000005) at pc=0x000000007020fd12, pid=18368, tid=18328
#
# JRE version: 7.0_03-b05
# Java VM: Java HotSpot(TM) 64-Bit Server VM (22.1-b02 mixed mode windows-amd64 compressed oops)
# Problematic frame:
# C  [libswipl.dll+0xfd12]
#
# Failed to write core dump. Minidumps are not enabled by default on client versions of Windows
#
# If you would like to submit a bug report, please visit:
#   http://bugreport.sun.com/bugreport/crash.jsp
# The crash happened outside the Java Virtual Machine in native code.
# See problematic frame for where to report the bug.
#

---------------  T H R E A D  ---------------

Current thread (0x0000000009cc3800):  JavaThread "Thread-6" [_thread_in_native, id=18328, stack(0x0000000008240000,0x0000000008340000)]

siginfo: ExceptionCode=0xc0000005, reading address 0x0000000000000038

Registers:
RAX=0x0000000000000000, RBX=0x00000000000000c8, RCX=0x000000000000001e, RDX=0x00000000000000c8
RSP=0x000000000833ef80, RBP=0x000000000833f3c0, RSI=0x000000000833f3e0, RDI=0x0000000000000000
R8 =0x0000000000000042, R9 =0x00000000ef6ffed0, R10=0x0000000000000090, R11=0x000000006ec7e0f0
R12=0x0000000000000000, R13=0x00000000bd249480, R14=0x000000000833f3e0, R15=0x0000000009cc3800
RIP=0x000000007020fd12, EFLAGS=0x0000000000010202

Top of Stack: (sp=0x000000000833ef80)
0x000000000833ef80:   0000000000000000 0000000000000000
0x000000000833ef90:   0000000000000000 000000000b0e0158
0x000000000833efa0:   0000000000000000 000000000b0e0230
0x000000000833efb0:   0000000000000000 0000000000000000
0x000000000833efc0:   0000000000000000 000000000b0e0000
0x000000000833efd0:   0000000000000000 000000000b0e0230
0x000000000833efe0:   0000000000000000 000000000000000c
0x000000000833eff0:   0000000000000000 0000000000000000
0x000000000833f000:   0000000000000000 0000000000000000
0x000000000833f010:   00000000000000c8 0000000000000000
0x000000000833f020:   0000000000000000 0000000000000039
0x000000000833f030:   0000000000000048 0000000000000001
0x000000000833f040:   0000000000000000 0000000000000000
0x000000000833f050:   0000000000000000 0000000000000000
0x000000000833f060:   0000000000000000 000000006e7b6ed3
0x000000000833f070:   0000000000000000 0000000005e636b4 

Instructions: (pc=0x000000007020fd12)
0x000000007020fcf2:   05 00 00 48 85 db 0f 84 12 01 00 00 48 8b 44 24
0x000000007020fd02:   78 48 c1 e3 03 48 89 da 48 89 9c 24 90 00 00 00
0x000000007020fd12:   48 03 50 38 f6 42 40 20 48 89 94 24 80 00 00 00
0x000000007020fd22:   0f 85 78 05 00 00 4c 8b 44 24 78 48 8b 8c 24 80 


Register to memory mapping:

RAX=0x0000000000000000 is an unknown value
RBX=0x00000000000000c8 is an unknown value
RCX=0x000000000000001e is an unknown value
RDX=0x00000000000000c8 is an unknown value
RSP=0x000000000833ef80 is pointing into the stack for thread: 0x0000000009cc3800
RBP=0x000000000833f3c0 is pointing into the stack for thread: 0x0000000009cc3800
RSI=0x000000000833f3e0 is pointing into the stack for thread: 0x0000000009cc3800
RDI=0x0000000000000000 is an unknown value
R8 =0x0000000000000042 is an unknown value
R9 =0x00000000ef6ffed0 is an oop
jpl.fli.qid_t 
 - klass: 'jpl/fli/qid_t'
R10=0x0000000000000090 is an unknown value
R11=0x000000006ec7e0f0 is an unknown value
R12=0x0000000000000000 is an unknown value
R13=0x00000000bd249480 is an oop
{method} 
 - klass: {other class}
R14=0x000000000833f3e0 is pointing into the stack for thread: 0x0000000009cc3800
R15=0x0000000009cc3800 is a thread


Stack: [0x0000000008240000,0x0000000008340000],  sp=0x000000000833ef80,  free space=1019k
Native frames: (J=compiled Java code, j=interpreted, Vv=VM code, C=native code)
C  [libswipl.dll+0xfd12]  PL_next_solution+0x72
j  jpl.Query.get1()Z+4
j  jpl.Query.hasMoreSolutions()Z+12
j  ape.prolog.PrologNet.getSolution()Z+4
j  ape.ui.MainMenu$10$1.run()V+7
v  ~StubRoutines::call_stub

Java frames: (J=compiled Java code, j=interpreted, Vv=VM code)
j  jpl.fli.Prolog.next_solution(Ljpl/fli/qid_t;)Z+0
j  jpl.Query.get1()Z+4
j  jpl.Query.hasMoreSolutions()Z+12
j  ape.prolog.PrologNet.getSolution()Z+4
j  ape.ui.MainMenu$10$1.run()V+7
v  ~StubRoutines::call_stub

---------------  P R O C E S S  ---------------

Java Threads: ( => current thread )
=>0x0000000009cc3800 JavaThread "Thread-6" [_thread_in_native, id=18328, stack(0x0000000008240000,0x0000000008340000)]
  0x0000000009cc2000 JavaThread "Thread-3" [_thread_in_native, id=11340, stack(0x0000000007d80000,0x0000000007e80000)]
  0x0000000009c1a000 JavaThread "Swing-Shell" daemon [_thread_blocked, id=17884, stack(0x000000000ab80000,0x000000000ac80000)]
  0x0000000009c0e800 JavaThread "TimerQueue" daemon [_thread_blocked, id=17124, stack(0x000000000a970000,0x000000000aa70000)]
  0x0000000001d5b800 JavaThread "DestroyJavaVM" [_thread_blocked, id=18180, stack(0x0000000002230000,0x0000000002330000)]
  0x00000000079a2000 JavaThread "AWT-EventQueue-0" [_thread_blocked, id=17896, stack(0x0000000008f00000,0x0000000009000000)]
  0x000000000605d800 JavaThread "AWT-Windows" daemon [_thread_in_native, id=16452, stack(0x0000000006cc0000,0x0000000006dc0000)]
  0x000000000605d000 JavaThread "AWT-Shutdown" [_thread_blocked, id=17756, stack(0x0000000007660000,0x0000000007760000)]
  0x000000000605a000 JavaThread "Java2D Disposer" daemon [_thread_blocked, id=18256, stack(0x00000000074c0000,0x00000000075c0000)]
  0x0000000005f73000 JavaThread "Service Thread" daemon [_thread_blocked, id=13088, stack(0x0000000007160000,0x0000000007260000)]
  0x0000000005f6a800 JavaThread "C2 CompilerThread1" daemon [_thread_blocked, id=17700, stack(0x0000000007040000,0x0000000007140000)]
  0x0000000005f64800 JavaThread "C2 CompilerThread0" daemon [_thread_blocked, id=16568, stack(0x0000000006e60000,0x0000000006f60000)]
  0x0000000005f61800 JavaThread "Attach Listener" daemon [_thread_blocked, id=17740, stack(0x00000000064d0000,0x00000000065d0000)]
  0x0000000005f5c800 JavaThread "Signal Dispatcher" daemon [_thread_blocked, id=17056, stack(0x0000000006b80000,0x0000000006c80000)]
  0x00000000021a9000 JavaThread "Finalizer" daemon [_thread_blocked, id=18300, stack(0x00000000069e0000,0x0000000006ae0000)]
  0x00000000021a0800 JavaThread "Reference Handler" daemon [_thread_blocked, id=17852, stack(0x00000000067f0000,0x00000000068f0000)]

Other Threads:
  0x0000000002199000 VMThread [stack: 0x0000000006670000,0x0000000006770000] [id=16136]
  0x0000000005f7e000 WatcherThread [stack: 0x0000000007330000,0x0000000007430000] [id=18100]

VM state:not at safepoint (normal execution)

VM Mutex/Monitor currently owned by a thread: None

Heap
 PSYoungGen      total 61696K, used 10426K [0x00000000eb2b0000, 0x00000000f0b70000, 0x0000000100000000)
  eden space 56320K, 8% used [0x00000000eb2b0000,0x00000000eb7a2578,0x00000000ee9b0000)
  from space 5376K, 99% used [0x00000000ef6b0000,0x00000000efbec618,0x00000000efbf0000)
  to   space 13312K, 0% used [0x00000000ee9b0000,0x00000000ee9b0000,0x00000000ef6b0000)
 PSOldGen        total 42688K, used 26462K [0x00000000c1800000, 0x00000000c41b0000, 0x00000000eb2b0000)
  object space 42688K, 61% used [0x00000000c1800000,0x00000000c31d78c8,0x00000000c41b0000)
 PSPermGen       total 21248K, used 17114K [0x00000000bc600000, 0x00000000bdac0000, 0x00000000c1800000)
  object space 21248K, 80% used [0x00000000bc600000,0x00000000bd6b68e0,0x00000000bdac0000)

Code Cache  [0x0000000002330000, 0x00000000025a0000, 0x0000000005330000)
 total_blobs=833 nmethods=347 adapters=438 free_code_cache=48075Kb largest_free_block=49203904

Dynamic libraries:
0x000000013f740000 - 0x000000013f773000 	D:\program files\Java\jdk1.7.0_03\bin\java.exe
0x00000000771e0000 - 0x0000000077389000 	C:\Windows\SYSTEM32\ntdll.dll
0x0000000076f60000 - 0x000000007707f000 	C:\Windows\system32\kernel32.dll
0x000007fefd730000 - 0x000007fefd79b000 	C:\Windows\system32\KERNELBASE.dll
0x000007fefebb0000 - 0x000007fefec8b000 	C:\Windows\system32\ADVAPI32.dll
0x000007fefed00000 - 0x000007fefed9f000 	C:\Windows\system32\msvcrt.dll
0x000007fefef80000 - 0x000007fefef9f000 	C:\Windows\SYSTEM32\sechost.dll
0x000007feff3c0000 - 0x000007feff4ed000 	C:\Windows\system32\RPCRT4.dll
0x0000000076e60000 - 0x0000000076f5a000 	C:\Windows\system32\USER32.dll
0x000007fefec90000 - 0x000007fefecf7000 	C:\Windows\system32\GDI32.dll
0x000007feff020000 - 0x000007feff02e000 	C:\Windows\system32\LPK.dll
0x000007fefeda0000 - 0x000007fefee69000 	C:\Windows\system32\USP10.dll
0x000007fefc090000 - 0x000007fefc284000 	C:\Windows\WinSxS\amd64_microsoft.windows.common-controls_6595b64144ccf1df_6.0.7601.17514_none_fa396087175ac9ac\COMCTL32.dll
0x000007fefdb90000 - 0x000007fefdc01000 	C:\Windows\system32\SHLWAPI.dll
0x000007fefdab0000 - 0x000007fefdade000 	C:\Windows\system32\IMM32.DLL
0x000007fefee70000 - 0x000007fefef79000 	C:\Windows\system32\MSCTF.dll
0x000000006ecf0000 - 0x000000006edc1000 	D:\program files\Java\jdk1.7.0_03\jre\bin\msvcr100.dll
0x000000006e610000 - 0x000000006ecea000 	D:\program files\Java\jdk1.7.0_03\jre\bin\server\jvm.dll
0x000007fef9410000 - 0x000007fef9419000 	C:\Windows\system32\WSOCK32.dll
0x000007fefdae0000 - 0x000007fefdb2d000 	C:\Windows\system32\WS2_32.dll
0x000007fefeba0000 - 0x000007fefeba8000 	C:\Windows\system32\NSI.dll
0x000007fef75c0000 - 0x000007fef75fb000 	C:\Windows\system32\WINMM.dll
0x00000000773a0000 - 0x00000000773a7000 	C:\Windows\system32\PSAPI.DLL
0x0000000071170000 - 0x000000007117f000 	D:\program files\Java\jdk1.7.0_03\jre\bin\verify.dll
0x000000006f780000 - 0x000000006f7a8000 	D:\program files\Java\jdk1.7.0_03\jre\bin\java.dll
0x0000000070d90000 - 0x0000000070da5000 	D:\program files\Java\jdk1.7.0_03\jre\bin\zip.dll
0x000000006e280000 - 0x000000006e414000 	D:\program files\Java\jdk1.7.0_03\jre\bin\awt.dll
0x000007feff030000 - 0x000007feff107000 	C:\Windows\system32\OLEAUT32.dll
0x000007feff1b0000 - 0x000007feff3b3000 	C:\Windows\system32\ole32.dll
0x000007fefbf00000 - 0x000007fefbf56000 	C:\Windows\system32\uxtheme.dll
0x000007fefb940000 - 0x000007fefb958000 	C:\Windows\system32\dwmapi.dll
0x000007fefd510000 - 0x000007fefd51f000 	C:\Windows\system32\CRYPTBASE.dll
0x000007fefde10000 - 0x000007fefeb98000 	C:\Windows\system32\SHELL32.dll
0x000000006f1d0000 - 0x000000006f204000 	D:\program files\Java\jdk1.7.0_03\jre\bin\fontmanager.dll
0x000000006f690000 - 0x000000006f6a9000 	D:\program files\Java\jdk1.7.0_03\jre\bin\net.dll
0x000007fefceb0000 - 0x000007fefcf05000 	C:\Windows\system32\mswsock.dll
0x000007fefcea0000 - 0x000007fefcea7000 	C:\Windows\System32\wship6.dll
0x000000006f2c0000 - 0x000000006f2d1000 	D:\program files\Java\jdk1.7.0_03\jre\bin\nio.dll
0x000000006f180000 - 0x000000006f1c1000 	D:\program files\Java\jdk1.7.0_03\jre\bin\t2k.dll
0x000007fef8010000 - 0x000007fef80b0000 	C:\Windows\WinSxS\amd64_microsoft.windows.common-controls_6595b64144ccf1df_5.82.7601.17514_none_a4d6a923711520a9\comctl32.dll
0x000007fefda10000 - 0x000007fefdaa9000 	C:\Windows\system32\CLBCatQ.DLL
0x000000006bb80000 - 0x000000006bbb1000 	D:\program files\SWI-Prolog\bin\jpl.dll
0x0000000062480000 - 0x00000000624a9000 	D:\program files\SWI-Prolog\bin\pthreadGC2.dll
0x0000000070200000 - 0x0000000070315000 	D:\program files\SWI-Prolog\bin\libswipl.dll
0x000000006acc0000 - 0x000000006ad34000 	D:\program files\SWI-Prolog\bin\libgmp-10.dll
0x000007fefb320000 - 0x000007fefb445000 	C:\Windows\system32\dbghelp.dll
0x000007fefdc10000 - 0x000007fefdde7000 	C:\Windows\system32\SETUPAPI.dll
0x000007fefd9d0000 - 0x000007fefda06000 	C:\Windows\system32\CFGMGR32.dll
0x000007fefd9b0000 - 0x000007fefd9ca000 	C:\Windows\system32\DEVOBJ.dll
0x000007fefbdb0000 - 0x000007fefbedc000 	C:\Windows\system32\propsys.dll
0x000007fefc040000 - 0x000007fefc06d000 	C:\Windows\system32\ntmarta.dll
0x000007fefdb30000 - 0x000007fefdb82000 	C:\Windows\system32\WLDAP32.dll
0x000007fefd5c0000 - 0x000007fefd617000 	C:\Windows\system32\apphelp.dll
0x000007fef4af0000 - 0x000007fef4c8c000 	C:\Windows\system32\NetworkExplorer.dll
0x000007fef7240000 - 0x000007fef7274000 	C:\Windows\System32\shdocvw.dll
0x000007fefd640000 - 0x000007fefd64f000 	C:\Windows\system32\profapi.dll
0x000007fefb510000 - 0x000007fefb51b000 	C:\Windows\system32\slc.dll
0x000007fefa8c0000 - 0x000007fefa8d8000 	C:\Windows\system32\MPR.dll
0x000007fef0f10000 - 0x000007fef0f1a000 	C:\Windows\System32\drprov.dll
0x000007fefca50000 - 0x000007fefca8d000 	C:\Windows\System32\WINSTA.dll
0x000007fef0ee0000 - 0x000007fef0f02000 	C:\Windows\System32\ntlanman.dll
0x000007fef0ec0000 - 0x000007fef0edc000 	C:\Windows\System32\davclnt.dll
0x000007fef0eb0000 - 0x000007fef0eba000 	C:\Windows\System32\DAVHLPR.dll
0x000007fefad40000 - 0x000007fefad55000 	C:\Windows\system32\wkscli.dll
0x000007fef7e30000 - 0x000007fef7e3f000 	C:\Windows\system32\cscapi.dll
0x000007fefad60000 - 0x000007fefad6c000 	C:\Windows\system32\netutils.dll
0x000007feed650000 - 0x000007feed8c1000 	C:\Windows\system32\wpdshext.dll
0x000007fefba00000 - 0x000007fefbc16000 	C:\Windows\WinSxS\amd64_microsoft.windows.gdiplus_6595b64144ccf1df_1.1.7601.17825_none_2b253c8271ec7765\gdiplus.dll
0x000007fef7930000 - 0x000007fef79ed000 	C:\Windows\system32\PortableDeviceApi.dll
0x000007fefd6f0000 - 0x000007fefd729000 	C:\Windows\system32\WINTRUST.dll
0x000007fefd7a0000 - 0x000007fefd90a000 	C:\Windows\system32\CRYPT32.dll
0x000007fefd6e0000 - 0x000007fefd6ef000 	C:\Windows\system32\MSASN1.dll
0x000007fef8750000 - 0x000007fef8785000 	C:\Windows\system32\EhStorShell.dll
0x000007fefaee0000 - 0x000007fefaf07000 	C:\Windows\system32\EhStorAPI.dll
0x000007fefb680000 - 0x000007fefb7e1000 	C:\Windows\system32\WindowsCodecs.dll
0x0000000070b40000 - 0x0000000070b56000 	C:\Program Files\Common Files\TortoiseOverlays\TortoiseOverlays.dll
0x0000000070b30000 - 0x0000000070b40000 	D:\Program Files\TortoiseSVN\bin\TortoiseStub.dll
0x0000000070ab0000 - 0x0000000070b2b000 	D:\Program Files\TortoiseSVN\bin\TortoiseSVN.dll
0x0000000077080000 - 0x00000000771db000 	C:\Windows\system32\WININET.dll
0x00000000773b0000 - 0x00000000773b3000 	C:\Windows\system32\Normaliz.dll
0x0000000076b00000 - 0x0000000076d10000 	C:\Windows\system32\iertutil.dll
0x0000000076d10000 - 0x0000000076e5d000 	C:\Windows\system32\urlmon.dll
0x000007fefc750000 - 0x000007fefc75c000 	C:\Windows\system32\VERSION.dll
0x000007fef6530000 - 0x000007fef68fc000 	D:\Program Files\TortoiseSVN\bin\libsvn_tsvn.dll
0x0000000070a80000 - 0x0000000070aab000 	D:\Program Files\TortoiseSVN\bin\libapr_tsvn.dll
0x0000000070a30000 - 0x0000000070a71000 	D:\Program Files\TortoiseSVN\bin\libaprutil_tsvn.dll
0x000007fef87b0000 - 0x000007fef87c0000 	D:\Program Files\TortoiseSVN\bin\intl3_tsvn.dll
0x000007fef8790000 - 0x000007fef87aa000 	D:\Program Files\TortoiseSVN\bin\libsasl.dll
0x000007fefd320000 - 0x000007fefd32b000 	C:\Windows\system32\Secur32.dll
0x000007fefd4e0000 - 0x000007fefd505000 	C:\Windows\system32\SSPICLI.DLL
0x0000000073c90000 - 0x0000000073d28000 	C:\Windows\system32\MSVCP100.dll
0x000007fef86d0000 - 0x000007fef8750000 	C:\Windows\system32\ntshrui.dll
0x000007fefd270000 - 0x000007fefd293000 	C:\Windows\system32\srvcli.dll
0x000007fef86b0000 - 0x000007fef86bc000 	C:\Windows\system32\LINKINFO.dll
0x000007fefad20000 - 0x000007fefad34000 	C:\Windows\system32\samcli.dll
0x000007fefc070000 - 0x000007fefc08d000 	C:\Windows\system32\SAMLIB.dll

VM Arguments:
jvm_args: -Dfile.encoding=UTF-8 
java_command: ape.Ape
Launcher Type: SUN_STANDARD

Environment Variables:
PATH=C:\Program Files\Common Files\Microsoft Shared\Windows Live;C:\Program Files (x86)\Common Files\Microsoft Shared\Windows Live;C:\Windows\system32;C:\Windows;C:\Windows\System32\Wbem;C:\Windows\System32\WindowsPowerShell\v1.0\;C:\Program Files (x86)\Windows Live\Shared;d:\Program Files\MiKTeX 2.9\miktex\bin\x64\;D:\Program Files\TortoiseSVN\bin;d:\code\batch;d:\program files\MinGW\bin;d:\program files\MinGW\msys\1.0\bin;D:\program files\Java\jdk1.7.0_03\bin;D:\program files\SWI-Prolog\bin;c:\program files\internet explorer;D:\program files\Java\jdk1.7.0_03\jre\bin\server;C:\Users\Gabriel\AppData\Roaming\MiKTeX\2.9\miktex\bin\x64\
USERNAME=Gabriel
OS=Windows_NT
PROCESSOR_IDENTIFIER=Intel64 Family 6 Model 42 Stepping 7, GenuineIntel



---------------  S Y S T E M  ---------------

OS: Windows 7 , 64 bit Build 7601 Service Pack 1

CPU:total 4 (2 cores per cpu, 2 threads per core) family 6 model 42 stepping 7, cmov, cx8, fxsr, mmx, sse, sse2, sse3, ssse3, sse4.1, sse4.2, popcnt, ht

Memory: 4k page, physical 4094632k(1022592k free), swap 8187408k(4495808k free)

vm_info: Java HotSpot(TM) 64-Bit Server VM (22.1-b02) for windows-amd64 JRE (1.7.0_03-b05), built on Feb  3 2012 20:43:56 by "java_re" with unknown MS VC++:1600

time: Sun Mar 03 21:49:30 2013
elapsed time: 136 seconds

